This file contains any messages produced by compilers while
running configure, to aid debugging if configure makes a mistake.

It was created by amath-ng configure build 42, which was
generated by GNU Autoconf 2.69.  Invocation command line was

  $ ./configure --enable-flopstest

## --------- ##
## Platform. ##
## --------- ##

hostname = arccotangent-kali
uname -m = x86_64
uname -r = 4.0.0-kali1-amd64
uname -s = Linux
uname -v = #1 SMP Debian 4.0.4-1+kali2 (2015-06-03)

/usr/bin/uname -p = unknown
/bin/uname -X     = unknown

/bin/arch              = unknown
/usr/bin/arch -k       = unknown
/usr/convex/getsysinfo = unknown
/usr/bin/hostinfo      = unknown
/bin/machine           = unknown
/usr/bin/oslevel       = unknown
/bin/universe          = unknown

PATH: /usr/local/sbin
PATH: /usr/local/bin
PATH: /usr/sbin
PATH: /usr/bin
PATH: /sbin
PATH: /bin
PATH: /usr/games
PATH: /usr/local/games
PATH: /usr/local/go/bin
PATH: /usr/local/bin/mu-mh
PATH: /usr/local/freeswitch/bin


## ----------- ##
## Core tests. ##
## ----------- ##

configure:2328: checking for a BSD-compatible install
configure:2396: result: /usr/local/bin/install -c
configure:2407: checking whether build environment is sane
configure:2462: result: yes
configure:2613: checking for a thread-safe mkdir -p
configure:2652: result: /usr/local/bin/mkdir -p
configure:2659: checking for gawk
configure:2675: found /usr/bin/gawk
configure:2686: result: gawk
configure:2697: checking whether make sets $(MAKE)
configure:2719: result: yes
configure:2748: checking whether make supports nested variables
configure:2765: result: yes
configure:3013: checking for g++
configure:3029: found /usr/local/bin/g++
configure:3040: result: g++
configure:3067: checking for C++ compiler version
configure:3076: g++ --version >&5
g++ (GCC) 6.0.0 20160228 (experimental)
Copyright (C) 2016 Free Software Foundation, Inc.
This is free software; see the source for copying conditions.  There is NO
warranty; not even for MERCHANTABILITY or FITNESS FOR A PARTICULAR PURPOSE.

configure:3087: $? = 0
configure:3076: g++ -v >&5
Using built-in specs.
COLLECT_GCC=g++
COLLECT_LTO_WRAPPER=/usr/local/libexec/gcc/x86_64-pc-linux-gnu/6.0.0/lto-wrapper
Target: x86_64-pc-linux-gnu
Configured with: ./configure --enable-gold --enable-ld --disable-multilib
Thread model: posix
gcc version 6.0.0 20160228 (experimental) (GCC) 
configure:3087: $? = 0
configure:3076: g++ -V >&5
g++: error: unrecognized command line option '-V'
g++: fatal error: no input files
compilation terminated.
configure:3087: $? = 1
configure:3076: g++ -qversion >&5
g++: error: unrecognized command line option '-qversion'; did you mean '--version'?
g++: fatal error: no input files
compilation terminated.
configure:3087: $? = 1
configure:3107: checking whether the C++ compiler works
configure:3129: g++    conftest.cpp  >&5
configure:3133: $? = 0
configure:3181: result: yes
configure:3184: checking for C++ compiler default output file name
configure:3186: result: a.out
configure:3192: checking for suffix of executables
configure:3199: g++ -o conftest    conftest.cpp  >&5
configure:3203: $? = 0
configure:3225: result: 
configure:3247: checking whether we are cross compiling
configure:3255: g++ -o conftest    conftest.cpp  >&5
configure:3259: $? = 0
configure:3266: ./conftest
configure:3270: $? = 0
configure:3285: result: no
configure:3290: checking for suffix of object files
configure:3312: g++ -c   conftest.cpp >&5
configure:3316: $? = 0
configure:3337: result: o
configure:3341: checking whether we are using the GNU C++ compiler
configure:3360: g++ -c   conftest.cpp >&5
configure:3360: $? = 0
configure:3369: result: yes
configure:3378: checking whether g++ accepts -g
configure:3398: g++ -c -g  conftest.cpp >&5
configure:3398: $? = 0
configure:3439: result: yes
configure:3473: checking for style of include used by make
configure:3501: result: GNU
configure:3527: checking dependency style of g++
configure:3638: result: gcc3
configure:3662: checking build system type
configure:3676: result: x86_64-unknown-linux-gnu
configure:3696: checking host system type
configure:3709: result: x86_64-unknown-linux-gnu
configure:3778: checking for boostlib >= 1.59
configure:3861: g++ -c -g -O2  -I/usr/include conftest.cpp >&5
configure:3861: $? = 0
configure:3863: result: yes
configure:4071: checking for gcc
configure:4087: found /usr/local/bin/gcc
configure:4098: result: gcc
configure:4327: checking for C compiler version
configure:4336: gcc --version >&5
gcc (GCC) 6.0.0 20160228 (experimental)
Copyright (C) 2016 Free Software Foundation, Inc.
This is free software; see the source for copying conditions.  There is NO
warranty; not even for MERCHANTABILITY or FITNESS FOR A PARTICULAR PURPOSE.

configure:4347: $? = 0
configure:4336: gcc -v >&5
Using built-in specs.
COLLECT_GCC=gcc
COLLECT_LTO_WRAPPER=/usr/local/libexec/gcc/x86_64-pc-linux-gnu/6.0.0/lto-wrapper
Target: x86_64-pc-linux-gnu
Configured with: ./configure --enable-gold --enable-ld --disable-multilib
Thread model: posix
gcc version 6.0.0 20160228 (experimental) (GCC) 
configure:4347: $? = 0
configure:4336: gcc -V >&5
gcc: error: unrecognized command line option '-V'
gcc: fatal error: no input files
compilation terminated.
configure:4347: $? = 1
configure:4336: gcc -qversion >&5
gcc: error: unrecognized command line option '-qversion'; did you mean '--version'?
gcc: fatal error: no input files
compilation terminated.
configure:4347: $? = 1
configure:4351: checking whether we are using the GNU C compiler
configure:4370: gcc -c   conftest.c >&5
configure:4370: $? = 0
configure:4379: result: yes
configure:4388: checking whether gcc accepts -g
configure:4408: gcc -c -g  conftest.c >&5
configure:4408: $? = 0
configure:4449: result: yes
configure:4466: checking for gcc option to accept ISO C89
configure:4529: gcc  -c -g -O2  conftest.c >&5
configure:4529: $? = 0
configure:4542: result: none needed
configure:4567: checking whether gcc understands -c and -o together
configure:4589: gcc -c conftest.c -o conftest2.o
configure:4592: $? = 0
configure:4589: gcc -c conftest.c -o conftest2.o
configure:4592: $? = 0
configure:4604: result: yes
configure:4623: checking dependency style of gcc
configure:4734: result: gcc3
configure:4750: checking for main in -lboost_random
configure:4769: gcc -o conftest -g -O2   conftest.c -lboost_random   >&5
configure:4769: $? = 0
configure:4778: result: yes
configure:4789: checking for __gmpz_init in -lgmp
configure:4814: gcc -o conftest -g -O2   conftest.c -lgmp  -lboost_random  >&5
configure:4814: $? = 0
configure:4823: result: yes
configure:4834: checking for pthread_create in -lpthread
configure:4859: gcc -o conftest -g -O2   conftest.c -lpthread  -lgmp -lboost_random  >&5
configure:4859: $? = 0
configure:4868: result: yes
configure:4887: checking how to run the C preprocessor
configure:4918: gcc -E  conftest.c
configure:4918: $? = 0
configure:4932: gcc -E  conftest.c
conftest.c:17:28: fatal error: ac_nonexistent.h: No such file or directory
 #include <ac_nonexistent.h>
                            ^
compilation terminated.
configure:4932: $? = 1
configure: failed program was:
| /* confdefs.h */
| #define PACKAGE_NAME "amath-ng"
| #define PACKAGE_TARNAME "amath-ng"
| #define PACKAGE_VERSION "build 42"
| #define PACKAGE_STRING "amath-ng build 42"
| #define PACKAGE_BUGREPORT "bugs-amath-ng@arccotangent.net"
| #define PACKAGE_URL ""
| #define PACKAGE "amath-ng"
| #define VERSION "build 42"
| #define ENABLE_CUBIC_OP 0
| #define ENABLE_FLOPSTEST 1
| #define HAVE_BOOST /**/
| #define HAVE_LIBBOOST_RANDOM 1
| #define HAVE_LIBGMP 1
| #define HAVE_LIBPTHREAD 1
| /* end confdefs.h.  */
| #include <ac_nonexistent.h>
configure:4957: result: gcc -E
configure:4977: gcc -E  conftest.c
configure:4977: $? = 0
configure:4991: gcc -E  conftest.c
conftest.c:17:28: fatal error: ac_nonexistent.h: No such file or directory
 #include <ac_nonexistent.h>
                            ^
compilation terminated.
configure:4991: $? = 1
configure: failed program was:
| /* confdefs.h */
| #define PACKAGE_NAME "amath-ng"
| #define PACKAGE_TARNAME "amath-ng"
| #define PACKAGE_VERSION "build 42"
| #define PACKAGE_STRING "amath-ng build 42"
| #define PACKAGE_BUGREPORT "bugs-amath-ng@arccotangent.net"
| #define PACKAGE_URL ""
| #define PACKAGE "amath-ng"
| #define VERSION "build 42"
| #define ENABLE_CUBIC_OP 0
| #define ENABLE_FLOPSTEST 1
| #define HAVE_BOOST /**/
| #define HAVE_LIBBOOST_RANDOM 1
| #define HAVE_LIBGMP 1
| #define HAVE_LIBPTHREAD 1
| /* end confdefs.h.  */
| #include <ac_nonexistent.h>
configure:5020: checking for grep that handles long lines and -e
configure:5078: result: /usr/local/bin/grep
configure:5083: checking for egrep
configure:5145: result: /usr/local/bin/grep -E
configure:5150: checking for ANSI C header files
configure:5170: gcc -c -g -O2  conftest.c >&5
configure:5170: $? = 0
configure:5243: gcc -o conftest -g -O2   conftest.c -lpthread -lgmp -lboost_random  >&5
configure:5243: $? = 0
configure:5243: ./conftest
configure:5243: $? = 0
configure:5254: result: yes
configure:5267: checking for sys/types.h
configure:5267: gcc -c -g -O2  conftest.c >&5
configure:5267: $? = 0
configure:5267: result: yes
configure:5267: checking for sys/stat.h
configure:5267: gcc -c -g -O2  conftest.c >&5
configure:5267: $? = 0
configure:5267: result: yes
configure:5267: checking for stdlib.h
configure:5267: gcc -c -g -O2  conftest.c >&5
configure:5267: $? = 0
configure:5267: result: yes
configure:5267: checking for string.h
configure:5267: gcc -c -g -O2  conftest.c >&5
configure:5267: $? = 0
configure:5267: result: yes
configure:5267: checking for memory.h
configure:5267: gcc -c -g -O2  conftest.c >&5
configure:5267: $? = 0
configure:5267: result: yes
configure:5267: checking for strings.h
configure:5267: gcc -c -g -O2  conftest.c >&5
configure:5267: $? = 0
configure:5267: result: yes
configure:5267: checking for inttypes.h
configure:5267: gcc -c -g -O2  conftest.c >&5
configure:5267: $? = 0
configure:5267: result: yes
configure:5267: checking for stdint.h
configure:5267: gcc -c -g -O2  conftest.c >&5
configure:5267: $? = 0
configure:5267: result: yes
configure:5267: checking for unistd.h
configure:5267: gcc -c -g -O2  conftest.c >&5
configure:5267: $? = 0
configure:5267: result: yes
configure:5281: checking for unistd.h
configure:5281: result: yes
configure:5293: checking for stdbool.h that conforms to C99
configure:5360: gcc -c -g -O2  conftest.c >&5
configure:5360: $? = 0
configure:5367: result: yes
configure:5369: checking for _Bool
configure:5369: gcc -c -g -O2  conftest.c >&5
configure:5369: $? = 0
configure:5369: gcc -c -g -O2  conftest.c >&5
conftest.c: In function 'main':
conftest.c:64:20: error: expected expression before ')' token
 if (sizeof ((_Bool)))
                    ^
configure:5369: $? = 1
configure: failed program was:
| /* confdefs.h */
| #define PACKAGE_NAME "amath-ng"
| #define PACKAGE_TARNAME "amath-ng"
| #define PACKAGE_VERSION "build 42"
| #define PACKAGE_STRING "amath-ng build 42"
| #define PACKAGE_BUGREPORT "bugs-amath-ng@arccotangent.net"
| #define PACKAGE_URL ""
| #define PACKAGE "amath-ng"
| #define VERSION "build 42"
| #define ENABLE_CUBIC_OP 0
| #define ENABLE_FLOPSTEST 1
| #define HAVE_BOOST /**/
| #define HAVE_LIBBOOST_RANDOM 1
| #define HAVE_LIBGMP 1
| #define HAVE_LIBPTHREAD 1
| #define STDC_HEADERS 1
| #define HAVE_SYS_TYPES_H 1
| #define HAVE_SYS_STAT_H 1
| #define HAVE_STDLIB_H 1
| #define HAVE_STRING_H 1
| #define HAVE_MEMORY_H 1
| #define HAVE_STRINGS_H 1
| #define HAVE_INTTYPES_H 1
| #define HAVE_STDINT_H 1
| #define HAVE_UNISTD_H 1
| #define HAVE_UNISTD_H 1
| /* end confdefs.h.  */
| #include <stdio.h>
| #ifdef HAVE_SYS_TYPES_H
| # include <sys/types.h>
| #endif
| #ifdef HAVE_SYS_STAT_H
| # include <sys/stat.h>
| #endif
| #ifdef STDC_HEADERS
| # include <stdlib.h>
| # include <stddef.h>
| #else
| # ifdef HAVE_STDLIB_H
| #  include <stdlib.h>
| # endif
| #endif
| #ifdef HAVE_STRING_H
| # if !defined STDC_HEADERS && defined HAVE_MEMORY_H
| #  include <memory.h>
| # endif
| # include <string.h>
| #endif
| #ifdef HAVE_STRINGS_H
| # include <strings.h>
| #endif
| #ifdef HAVE_INTTYPES_H
| # include <inttypes.h>
| #endif
| #ifdef HAVE_STDINT_H
| # include <stdint.h>
| #endif
| #ifdef HAVE_UNISTD_H
| # include <unistd.h>
| #endif
| int
| main ()
| {
| if (sizeof ((_Bool)))
| 	    return 0;
|   ;
|   return 0;
| }
configure:5369: result: yes
configure:5380: checking for size_t
configure:5380: gcc -c -g -O2  conftest.c >&5
configure:5380: $? = 0
configure:5380: gcc -c -g -O2  conftest.c >&5
conftest.c: In function 'main':
conftest.c:65:21: error: expected expression before ')' token
 if (sizeof ((size_t)))
                     ^
configure:5380: $? = 1
configure: failed program was:
| /* confdefs.h */
| #define PACKAGE_NAME "amath-ng"
| #define PACKAGE_TARNAME "amath-ng"
| #define PACKAGE_VERSION "build 42"
| #define PACKAGE_STRING "amath-ng build 42"
| #define PACKAGE_BUGREPORT "bugs-amath-ng@arccotangent.net"
| #define PACKAGE_URL ""
| #define PACKAGE "amath-ng"
| #define VERSION "build 42"
| #define ENABLE_CUBIC_OP 0
| #define ENABLE_FLOPSTEST 1
| #define HAVE_BOOST /**/
| #define HAVE_LIBBOOST_RANDOM 1
| #define HAVE_LIBGMP 1
| #define HAVE_LIBPTHREAD 1
| #define STDC_HEADERS 1
| #define HAVE_SYS_TYPES_H 1
| #define HAVE_SYS_STAT_H 1
| #define HAVE_STDLIB_H 1
| #define HAVE_STRING_H 1
| #define HAVE_MEMORY_H 1
| #define HAVE_STRINGS_H 1
| #define HAVE_INTTYPES_H 1
| #define HAVE_STDINT_H 1
| #define HAVE_UNISTD_H 1
| #define HAVE_UNISTD_H 1
| #define HAVE__BOOL 1
| /* end confdefs.h.  */
| #include <stdio.h>
| #ifdef HAVE_SYS_TYPES_H
| # include <sys/types.h>
| #endif
| #ifdef HAVE_SYS_STAT_H
| # include <sys/stat.h>
| #endif
| #ifdef STDC_HEADERS
| # include <stdlib.h>
| # include <stddef.h>
| #else
| # ifdef HAVE_STDLIB_H
| #  include <stdlib.h>
| # endif
| #endif
| #ifdef HAVE_STRING_H
| # if !defined STDC_HEADERS && defined HAVE_MEMORY_H
| #  include <memory.h>
| # endif
| # include <string.h>
| #endif
| #ifdef HAVE_STRINGS_H
| # include <strings.h>
| #endif
| #ifdef HAVE_INTTYPES_H
| # include <inttypes.h>
| #endif
| #ifdef HAVE_STDINT_H
| # include <stdint.h>
| #endif
| #ifdef HAVE_UNISTD_H
| # include <unistd.h>
| #endif
| int
| main ()
| {
| if (sizeof ((size_t)))
| 	    return 0;
|   ;
|   return 0;
| }
configure:5380: result: yes
configure:5395: checking for stdlib.h
configure:5395: result: yes
configure:5405: checking for GNU libc compatible malloc
configure:5429: gcc -o conftest -g -O2   conftest.c -lpthread -lgmp -lboost_random  >&5
configure:5429: $? = 0
configure:5429: ./conftest
configure:5429: $? = 0
configure:5439: result: yes
configure:5462: checking for strtoull
configure:5462: gcc -o conftest -g -O2   conftest.c -lpthread -lgmp -lboost_random  >&5
configure:5462: $? = 0
configure:5462: result: yes
configure:5583: checking that generated files are newer than configure
configure:5589: result: done
configure:5624: creating ./config.status

## ---------------------- ##
## Running config.status. ##
## ---------------------- ##

This file was extended by amath-ng config.status build 42, which was
generated by GNU Autoconf 2.69.  Invocation command line was

  CONFIG_FILES    = 
  CONFIG_HEADERS  = 
  CONFIG_LINKS    = 
  CONFIG_COMMANDS = 
  $ ./config.status 

on arccotangent-kali

config.status:884: creating Makefile
config.status:884: creating src/Makefile
config.status:884: creating config.h
config.status:1065: config.h is unchanged
config.status:1113: executing depfiles commands

## ---------------- ##
## Cache variables. ##
## ---------------- ##

ac_cv_build=x86_64-unknown-linux-gnu
ac_cv_c_compiler_gnu=yes
ac_cv_cxx_compiler_gnu=yes
ac_cv_env_CCC_set=
ac_cv_env_CCC_value=
ac_cv_env_CC_set=
ac_cv_env_CC_value=
ac_cv_env_CFLAGS_set=
ac_cv_env_CFLAGS_value=
ac_cv_env_CPPFLAGS_set=
ac_cv_env_CPPFLAGS_value=
ac_cv_env_CPP_set=
ac_cv_env_CPP_value=
ac_cv_env_CXXFLAGS_set=
ac_cv_env_CXXFLAGS_value=
ac_cv_env_CXX_set=
ac_cv_env_CXX_value=
ac_cv_env_LDFLAGS_set=
ac_cv_env_LDFLAGS_value=
ac_cv_env_LIBS_set=
ac_cv_env_LIBS_value=
ac_cv_env_build_alias_set=
ac_cv_env_build_alias_value=
ac_cv_env_host_alias_set=
ac_cv_env_host_alias_value=
ac_cv_env_target_alias_set=
ac_cv_env_target_alias_value=
ac_cv_func_malloc_0_nonnull=yes
ac_cv_func_strtoull=yes
ac_cv_header_inttypes_h=yes
ac_cv_header_memory_h=yes
ac_cv_header_stdbool_h=yes
ac_cv_header_stdc=yes
ac_cv_header_stdint_h=yes
ac_cv_header_stdlib_h=yes
ac_cv_header_string_h=yes
ac_cv_header_strings_h=yes
ac_cv_header_sys_stat_h=yes
ac_cv_header_sys_types_h=yes
ac_cv_header_unistd_h=yes
ac_cv_host=x86_64-unknown-linux-gnu
ac_cv_lib_boost_random_main=yes
ac_cv_lib_gmp___gmpz_init=yes
ac_cv_lib_pthread_pthread_create=yes
ac_cv_objext=o
ac_cv_path_EGREP='/usr/local/bin/grep -E'
ac_cv_path_GREP=/usr/local/bin/grep
ac_cv_path_install='/usr/local/bin/install -c'
ac_cv_path_mkdir=/usr/local/bin/mkdir
ac_cv_prog_AWK=gawk
ac_cv_prog_CPP='gcc -E'
ac_cv_prog_ac_ct_CC=gcc
ac_cv_prog_ac_ct_CXX=g++
ac_cv_prog_cc_c89=
ac_cv_prog_cc_g=yes
ac_cv_prog_cxx_g=yes
ac_cv_prog_make_make_set=yes
ac_cv_type__Bool=yes
ac_cv_type_size_t=yes
am_cv_CC_dependencies_compiler_type=gcc3
am_cv_CXX_dependencies_compiler_type=gcc3
am_cv_make_support_nested_variables=yes
am_cv_prog_cc_c_o=yes

## ----------------- ##
## Output variables. ##
## ----------------- ##

ACLOCAL='${SHELL} /root/prog/amath-ng.autoconf/missing aclocal-1.15'
AMDEPBACKSLASH='\'
AMDEP_FALSE='#'
AMDEP_TRUE=''
AMTAR='$${TAR-tar}'
AM_BACKSLASH='\'
AM_DEFAULT_V='$(AM_DEFAULT_VERBOSITY)'
AM_DEFAULT_VERBOSITY='1'
AM_V='$(V)'
AUTOCONF='${SHELL} /root/prog/amath-ng.autoconf/missing autoconf'
AUTOHEADER='${SHELL} /root/prog/amath-ng.autoconf/missing autoheader'
AUTOMAKE='${SHELL} /root/prog/amath-ng.autoconf/missing automake-1.15'
AWK='gawk'
BOOST_CPPFLAGS='-I/usr/include'
BOOST_LDFLAGS='-L/usr/lib/x86_64-linux-gnu'
CC='gcc'
CCDEPMODE='depmode=gcc3'
CFLAGS='-g -O2'
CPP='gcc -E'
CPPFLAGS=''
CXX='g++'
CXXDEPMODE='depmode=gcc3'
CXXFLAGS='-g -O2'
CYGPATH_W='echo'
DEFS='-DHAVE_CONFIG_H'
DEPDIR='.deps'
ECHO_C=''
ECHO_N='-n'
ECHO_T=''
EGREP='/usr/local/bin/grep -E'
ENABLECUBICOP_FALSE=''
ENABLECUBICOP_TRUE='#'
ENABLEFLOPSTEST_FALSE='#'
ENABLEFLOPSTEST_TRUE=''
EXEEXT=''
GREP='/usr/local/bin/grep'
INSTALL_DATA='${INSTALL} -m 644'
INSTALL_PROGRAM='${INSTALL}'
INSTALL_SCRIPT='${INSTALL}'
INSTALL_STRIP_PROGRAM='$(install_sh) -c -s'
LDFLAGS=''
LIBOBJS=''
LIBS='-lpthread -lgmp -lboost_random '
LTLIBOBJS=''
MAKEINFO='${SHELL} /root/prog/amath-ng.autoconf/missing makeinfo'
MKDIR_P='/usr/local/bin/mkdir -p'
OBJEXT='o'
PACKAGE='amath-ng'
PACKAGE_BUGREPORT='bugs-amath-ng@arccotangent.net'
PACKAGE_NAME='amath-ng'
PACKAGE_STRING='amath-ng build 42'
PACKAGE_TARNAME='amath-ng'
PACKAGE_URL=''
PACKAGE_VERSION='build 42'
PATH_SEPARATOR=':'
SET_MAKE=''
SHELL='/bin/bash'
STRIP=''
VERSION='build 42'
ac_ct_CC='gcc'
ac_ct_CXX='g++'
am__EXEEXT_FALSE=''
am__EXEEXT_TRUE='#'
am__fastdepCC_FALSE='#'
am__fastdepCC_TRUE=''
am__fastdepCXX_FALSE='#'
am__fastdepCXX_TRUE=''
am__include='include'
am__isrc=''
am__leading_dot='.'
am__nodep='_no'
am__quote=''
am__tar='$${TAR-tar} chof - "$$tardir"'
am__untar='$${TAR-tar} xf -'
bindir='${exec_prefix}/bin'
build='x86_64-unknown-linux-gnu'
build_alias=''
build_cpu='x86_64'
build_os='linux-gnu'
build_vendor='unknown'
datadir='${datarootdir}'
datarootdir='${prefix}/share'
docdir='${datarootdir}/doc/${PACKAGE_TARNAME}'
dvidir='${docdir}'
exec_prefix='${prefix}'
host='x86_64-unknown-linux-gnu'
host_alias=''
host_cpu='x86_64'
host_os='linux-gnu'
host_vendor='unknown'
htmldir='${docdir}'
includedir='${prefix}/include'
infodir='${datarootdir}/info'
install_sh='${SHELL} /root/prog/amath-ng.autoconf/install-sh'
libdir='${exec_prefix}/lib'
libexecdir='${exec_prefix}/libexec'
localedir='${datarootdir}/locale'
localstatedir='${prefix}/var'
mandir='${datarootdir}/man'
mkdir_p='$(MKDIR_P)'
oldincludedir='/usr/include'
pdfdir='${docdir}'
prefix='/usr/local'
program_transform_name='s,x,x,'
psdir='${docdir}'
sbindir='${exec_prefix}/sbin'
sharedstatedir='${prefix}/com'
sysconfdir='${prefix}/etc'
target_alias=''

## ----------- ##
## confdefs.h. ##
## ----------- ##

/* confdefs.h */
#define PACKAGE_NAME "amath-ng"
#define PACKAGE_TARNAME "amath-ng"
#define PACKAGE_VERSION "build 42"
#define PACKAGE_STRING "amath-ng build 42"
#define PACKAGE_BUGREPORT "bugs-amath-ng@arccotangent.net"
#define PACKAGE_URL ""
#define PACKAGE "amath-ng"
#define VERSION "build 42"
#define ENABLE_CUBIC_OP 0
#define ENABLE_FLOPSTEST 1
#define HAVE_BOOST /**/
#define HAVE_LIBBOOST_RANDOM 1
#define HAVE_LIBGMP 1
#define HAVE_LIBPTHREAD 1
#define STDC_HEADERS 1
#define HAVE_SYS_TYPES_H 1
#define HAVE_SYS_STAT_H 1
#define HAVE_STDLIB_H 1
#define HAVE_STRING_H 1
#define HAVE_MEMORY_H 1
#define HAVE_STRINGS_H 1
#define HAVE_INTTYPES_H 1
#define HAVE_STDINT_H 1
#define HAVE_UNISTD_H 1
#define HAVE_UNISTD_H 1
#define HAVE__BOOL 1
#define HAVE_STDLIB_H 1
#define HAVE_MALLOC 1
#define HAVE_STRTOULL 1

configure: exit 0
